<?xml version="1.0" encoding="UTF-8"?>
<!-- Generated by org.testng.reporters.JUnitReportReporter -->
<testsuite skipped="0" hostname="macbookpros-MacBook-Pro.local" name="tests.MSSQL_Test" tests="1" failures="0" timestamp="2020-02-23T17:25:22 PST" time="5.366" errors="0">
  <testcase name="SalesTerritoryCount_Test" time="5.366" classname="tests.MSSQL_Test"/>
</testsuite> <!-- tests.MSSQL_Test -->
