<?xml version="1.0" encoding="UTF-8"?>
<!-- Generated by org.testng.reporters.JUnitReportReporter -->
<testsuite skipped="0" hostname="macbookpros-MacBook-Pro.local" name="tests.Mongo_Test" tests="1" failures="0" timestamp="2020-02-24T08:49:20 PST" time="0.245" errors="0">
  <testcase name="TomatoesorBaconRecipes_Test" time="0.245" classname="tests.Mongo_Test"/>
</testsuite> <!-- tests.Mongo_Test -->
